[2026-03-07T11:20:32.670Z] Server started
[2026-03-07T11:20:37.077Z] GET / - IP: ::1
[2026-03-07T11:20:37.162Z] GET /style.css - IP: ::1
[2026-03-07T11:20:37.178Z] GET /login.js - IP: ::1
[2026-03-07T11:20:38.673Z] GET /favicon.ico - IP: ::1
[2026-03-07T11:25:09.287Z] GET / - IP: ::1
[2026-03-07T11:25:09.371Z] GET /style.css - IP: ::1
[2026-03-07T11:25:09.380Z] GET /login.js - IP: ::1
[2026-03-07T11:25:21.526Z] POST /auth/login - IP: ::1
[2026-03-07T11:25:34.448Z] GET /favicon.ico - IP: ::1
[2026-03-07T11:26:09.265Z] POST /auth/login - IP: ::1
[2026-03-07T11:26:09.305Z] GET /dashboard.html - IP: ::1
[2026-03-07T11:26:09.377Z] GET /style.css - IP: ::1
[2026-03-07T11:26:09.379Z] GET /dashboard.js - IP: ::1
[2026-03-07T11:26:09.476Z] GET /login.html - IP: ::1
[2026-03-07T11:26:09.478Z] GET /expenses - IP: ::1
[2026-03-07T11:26:09.509Z] GET /style.css - IP: ::1
[2026-03-07T11:26:09.511Z] GET /login.js - IP: ::1
[2026-03-07T11:27:09.137Z] POST /auth/login - IP: ::1
[2026-03-07T11:27:09.162Z] GET /dashboard.html - IP: ::1
[2026-03-07T11:27:09.201Z] GET /style.css - IP: ::1
[2026-03-07T11:27:09.203Z] GET /dashboard.js - IP: ::1
[2026-03-07T11:27:09.259Z] GET /login.html - IP: ::1
[2026-03-07T11:27:09.263Z] GET /expenses - IP: ::1
[2026-03-07T11:27:09.298Z] GET /style.css - IP: ::1
[2026-03-07T11:27:09.301Z] GET /login.js - IP: ::1
[2026-03-07T11:27:21.061Z] GET /register.html - IP: ::1
[2026-03-07T11:27:21.089Z] GET /register.js - IP: ::1
[2026-03-07T11:35:47.812Z] GET /login.html - IP: ::1
[2026-03-07T11:35:47.848Z] GET /style.css - IP: ::1
[2026-03-07T11:35:47.855Z] GET /login.js - IP: ::1
[2026-03-07T11:36:06.690Z] POST /auth/login - IP: ::1
[2026-03-07T11:36:08.291Z] POST /auth/login - IP: ::1
[2026-03-07T11:36:10.590Z] POST /auth/login - IP: ::1
[2026-03-07T11:36:12.333Z] POST /auth/login - IP: ::1
[2026-03-07T11:36:12.844Z] POST /auth/login - IP: ::1
[2026-03-07T11:36:13.043Z] POST /auth/login - IP: ::1
[2026-03-07T11:36:13.265Z] POST /auth/login - IP: ::1
[2026-03-07T11:36:14.350Z] POST /auth/login - IP: ::1
[2026-03-07T11:36:14.658Z] POST /auth/login - IP: ::1
[2026-03-07T11:36:14.944Z] POST /auth/login - IP: ::1
[2026-03-07T11:36:15.166Z] POST /auth/login - IP: ::1
[2026-03-07T11:36:15.467Z] POST /auth/login - IP: ::1
[2026-03-07T11:36:16.024Z] POST /auth/login - IP: ::1
[2026-03-07T11:36:16.932Z] POST /auth/login - IP: ::1
[2026-03-07T11:36:19.698Z] POST /auth/login - IP: ::1
[2026-03-07T11:36:22.601Z] GET /register.html - IP: ::1
[2026-03-07T11:36:22.625Z] GET /style.css - IP: ::1
[2026-03-07T11:36:22.631Z] GET /register.js - IP: ::1
[2026-03-07T11:36:48.751Z] POST /auth/register - IP: ::1
[2026-03-07T11:36:51.075Z] POST /auth/register - IP: ::1
[2026-03-07T11:36:54.579Z] POST /auth/register - IP: ::1
[2026-03-07T11:38:16.218Z] GET /login.html - IP: ::1
[2026-03-07T11:38:16.243Z] GET /style.css - IP: ::1
[2026-03-07T11:38:16.254Z] GET /login.js - IP: ::1
[2026-03-07T11:39:05.773Z] GET /login.html - IP: ::1
[2026-03-07T11:39:05.791Z] GET /style.css - IP: ::1
[2026-03-07T11:39:05.802Z] GET /login.js - IP: ::1
[2026-03-07T11:39:18.489Z] POST /auth/login - IP: ::1
[2026-03-07T11:39:18.513Z] GET /dashboard.html - IP: ::1
[2026-03-07T11:39:18.558Z] GET /style.css - IP: ::1
[2026-03-07T11:39:18.559Z] GET /dashboard.js - IP: ::1
[2026-03-07T11:39:18.575Z] GET /expenses - IP: ::1
[2026-03-07T11:43:58.143Z] GET /dashboard.html - IP: ::1
[2026-03-07T11:43:58.168Z] GET /style.css - IP: ::1
[2026-03-07T11:43:58.170Z] GET /dashboard.js - IP: ::1
[2026-03-07T11:43:58.213Z] GET /expenses - IP: ::1
[2026-03-07T11:44:33.184Z] GET /dashboard.html - IP: ::1
[2026-03-07T11:44:33.206Z] GET /style.css - IP: ::1
[2026-03-07T11:44:33.209Z] GET /dashboard.js - IP: ::1
[2026-03-07T11:44:33.224Z] GET /expenses - IP: ::1
